[debug] [2018-02-08T13:27:00.497Z] ----------------------------------------------------------------------
[debug] [2018-02-08T13:27:00.500Z] Command:       /usr/local/bin/node /usr/local/bin/firebase serve
[debug] [2018-02-08T13:27:00.500Z] CLI Version:   3.17.4
[debug] [2018-02-08T13:27:00.500Z] Platform:      darwin
[debug] [2018-02-08T13:27:00.500Z] Node Version:  v7.10.0
[debug] [2018-02-08T13:27:00.501Z] Time:          Thu Feb 08 2018 14:27:00 GMT+0100 (CET)
[debug] [2018-02-08T13:27:00.501Z] ----------------------------------------------------------------------
[debug] 
[debug] [2018-02-08T13:27:00.513Z] > command requires scopes: ["email","openid","https://www.googleapis.com/auth/cloudplatformprojects.readonly","https://www.googleapis.com/auth/firebase","https://www.googleapis.com/auth/cloud-platform"]
[debug] [2018-02-08T13:27:00.514Z] > authorizing via signed-in user
[debug] [2018-02-08T13:27:00.516Z] >>> HTTP REQUEST GET https://admin.firebase.com/v1/projects/tesseramento-develop  
  
 Thu Feb 08 2018 14:27:00 GMT+0100 (CET)
[debug] [2018-02-08T13:27:01.519Z] <<< HTTP RESPONSE 200
[debug] [2018-02-08T13:27:01.520Z] >>> HTTP REQUEST GET https://admin.firebase.com/v1/database/tesseramento-develop/tokens  
  
 Thu Feb 08 2018 14:27:01 GMT+0100 (CET)
[debug] [2018-02-08T13:27:02.370Z] <<< HTTP RESPONSE 200
[info] 
[info] === Serving from '/Users/mc01387/Documents/Pontegiallo'...
[info] 
[debug] [2018-02-08T13:27:02.373Z] >>> HTTP REQUEST GET https://cloudresourcemanager.googleapis.com/v1/projects/tesseramento-develop  
  
 Thu Feb 08 2018 14:27:02 GMT+0100 (CET)
[debug] [2018-02-08T13:27:03.212Z] <<< HTTP RESPONSE 200
[debug] [2018-02-08T13:27:03.213Z] >>> HTTP REQUEST GET https://mobilesdk-pa.googleapis.com/v1/projects/728523130559/clients/_:getWebAppConfig  
  
 Thu Feb 08 2018 14:27:03 GMT+0100 (CET)
[debug] [2018-02-08T13:27:04.234Z] <<< HTTP RESPONSE 200
[info] i  hosting: Serving hosting files from: public
[info] ✔  hosting: Local server: http://localhost:5000

